2024-09-10 19:36:17.582 [info] Extension host with pid 935 started
2024-09-10 19:36:17.609 [info] Lock '/home/matheus/.vscode-server/data/User/workspaceStorage/11c3ca46bf85bf9f8b4f19a5bf9db383/vscode.lock': Lock acquired.
2024-09-10 19:36:17.794 [info] ExtensionService#_doActivateExtension vscode.git-base, startup: true, activationEvent: '*', root cause: vscode.git
2024-09-10 19:36:18.030 [info] ExtensionService#_doActivateExtension vscode.git, startup: true, activationEvent: '*'
2024-09-10 19:36:18.035 [info] ExtensionService#_doActivateExtension vscode.github, startup: true, activationEvent: '*'
2024-09-10 19:36:18.726 [info] Eager extensions activated
2024-09-10 19:36:18.727 [info] ExtensionService#_doActivateExtension vscode.debug-auto-launch, startup: false, activationEvent: 'onStartupFinished'
2024-09-10 19:36:18.728 [info] ExtensionService#_doActivateExtension vscode.merge-conflict, startup: false, activationEvent: 'onStartupFinished'
2024-09-10 19:36:18.958 [info] ExtensionService#_doActivateExtension vscode.emmet, startup: false, activationEvent: 'onLanguage'
2024-09-10 19:36:32.995 [info] ExtensionService#_doActivateExtension vscode.npm, startup: false, activationEvent: 'onTerminalQuickFixRequest:ms-vscode.npm-command'
2024-09-10 19:38:31.529 [info] ExtensionService#_doActivateExtension vscode.tunnel-forwarding, startup: false, activationEvent: 'onTunnel'
2024-09-10 22:54:57.317 [info] Extension host terminating: received terminate message from renderer
2024-09-10 22:54:57.318 [info] Lock '/home/matheus/.vscode-server/data/User/workspaceStorage/11c3ca46bf85bf9f8b4f19a5bf9db383/vscode.lock': Marking the lockfile as scheduled to be released in 6000 ms.
2024-09-10 22:54:57.405 [error] Canceled: Canceled
	at new C (/home/matheus/.vscode-server/bin/fee1edb8d6d72a0ddff41e5f71a671c23ed924b9/out/vs/workbench/api/node/extensionHostProcess.js:144:35204)
	at y.U (/home/matheus/.vscode-server/bin/fee1edb8d6d72a0ddff41e5f71a671c23ed924b9/out/vs/workbench/api/node/extensionHostProcess.js:151:6017)
	at z.<computed>.j.charCodeAt.R.CharCode.DollarSign.z.<computed> (/home/matheus/.vscode-server/bin/fee1edb8d6d72a0ddff41e5f71a671c23ed924b9/out/vs/workbench/api/node/extensionHostProcess.js:151:3107)
	at d.g (/home/matheus/.vscode-server/bin/fee1edb8d6d72a0ddff41e5f71a671c23ed924b9/out/vs/workbench/api/node/extensionHostProcess.js:154:205942)
	at d.executeCommand (/home/matheus/.vscode-server/bin/fee1edb8d6d72a0ddff41e5f71a671c23ed924b9/out/vs/workbench/api/node/extensionHostProcess.js:154:205380)
	at A.registerCommand.description (/home/matheus/.vscode-server/bin/fee1edb8d6d72a0ddff41e5f71a671c23ed924b9/out/vs/workbench/api/node/extensionHostProcess.js:154:204704)
	at d.h (/home/matheus/.vscode-server/bin/fee1edb8d6d72a0ddff41e5f71a671c23ed924b9/out/vs/workbench/api/node/extensionHostProcess.js:154:206481)
	at d.g (/home/matheus/.vscode-server/bin/fee1edb8d6d72a0ddff41e5f71a671c23ed924b9/out/vs/workbench/api/node/extensionHostProcess.js:154:205473)
	at d.executeCommand (/home/matheus/.vscode-server/bin/fee1edb8d6d72a0ddff41e5f71a671c23ed924b9/out/vs/workbench/api/node/extensionHostProcess.js:154:205380)
	at Object.executeCommand (/home/matheus/.vscode-server/bin/fee1edb8d6d72a0ddff41e5f71a671c23ed924b9/out/vs/workbench/api/node/extensionHostProcess.js:164:23060)
	at i.O [as value] (/home/matheus/.vscode-server/bin/fee1edb8d6d72a0ddff41e5f71a671c23ed924b9/extensions/git/dist/main.js:2:951642)
	at n.B (/home/matheus/.vscode-server/bin/fee1edb8d6d72a0ddff41e5f71a671c23ed924b9/out/vs/workbench/api/node/extensionHostProcess.js:83:737)
	at n.C (/home/matheus/.vscode-server/bin/fee1edb8d6d72a0ddff41e5f71a671c23ed924b9/out/vs/workbench/api/node/extensionHostProcess.js:83:807)
	at n.fire (/home/matheus/.vscode-server/bin/fee1edb8d6d72a0ddff41e5f71a671c23ed924b9/out/vs/workbench/api/node/extensionHostProcess.js:83:1023)
	at Object.p [as dispose] (/home/matheus/.vscode-server/bin/fee1edb8d6d72a0ddff41e5f71a671c23ed924b9/extensions/git/dist/main.js:2:972220)
	at /home/matheus/.vscode-server/bin/fee1edb8d6d72a0ddff41e5f71a671c23ed924b9/extensions/git/dist/main.js:2:978342
	at Array.forEach (<anonymous>)
	at f.dispose (/home/matheus/.vscode-server/bin/fee1edb8d6d72a0ddff41e5f71a671c23ed924b9/extensions/git/dist/main.js:2:978328)
	at a.<anonymous> (/home/matheus/.vscode-server/bin/fee1edb8d6d72a0ddff41e5f71a671c23ed924b9/out/vs/workbench/api/node/extensionHostProcess.js:152:4173)
	at a.dispose (/home/matheus/.vscode-server/bin/fee1edb8d6d72a0ddff41e5f71a671c23ed924b9/out/vs/workbench/api/node/extensionHostProcess.js:152:4270)
	at a.<anonymous> (/home/matheus/.vscode-server/bin/fee1edb8d6d72a0ddff41e5f71a671c23ed924b9/extensions/git/dist/main.js:2:953940)
	at a.dispose (/home/matheus/.vscode-server/bin/fee1edb8d6d72a0ddff41e5f71a671c23ed924b9/out/vs/workbench/api/node/extensionHostProcess.js:152:4270)
	at $ (/home/matheus/.vscode-server/bin/fee1edb8d6d72a0ddff41e5f71a671c23ed924b9/out/vs/workbench/api/node/extensionHostProcess.js:30:744)
	at /home/matheus/.vscode-server/bin/fee1edb8d6d72a0ddff41e5f71a671c23ed924b9/out/vs/workbench/api/node/extensionHostProcess.js:160:13379
	at /home/matheus/.vscode-server/bin/fee1edb8d6d72a0ddff41e5f71a671c23ed924b9/out/vs/workbench/api/node/extensionHostProcess.js:30:1112
	at Object.dispose (/home/matheus/.vscode-server/bin/fee1edb8d6d72a0ddff41e5f71a671c23ed924b9/out/vs/workbench/api/node/extensionHostProcess.js:11:11354)
	at m.eb (/home/matheus/.vscode-server/bin/fee1edb8d6d72a0ddff41e5f71a671c23ed924b9/out/vs/workbench/api/node/extensionHostProcess.js:160:10056)
	at /home/matheus/.vscode-server/bin/fee1edb8d6d72a0ddff41e5f71a671c23ed924b9/out/vs/workbench/api/node/extensionHostProcess.js:160:7927
	at Array.map (<anonymous>)
	at m.$ (/home/matheus/.vscode-server/bin/fee1edb8d6d72a0ddff41e5f71a671c23ed924b9/out/vs/workbench/api/node/extensionHostProcess.js:160:7914)
	at m.terminate (/home/matheus/.vscode-server/bin/fee1edb8d6d72a0ddff41e5f71a671c23ed924b9/out/vs/workbench/api/node/extensionHostProcess.js:160:8187)
	at $.terminate (/home/matheus/.vscode-server/bin/fee1edb8d6d72a0ddff41e5f71a671c23ed924b9/out/vs/workbench/api/node/extensionHostProcess.js:164:1513)
	at o (/home/matheus/.vscode-server/bin/fee1edb8d6d72a0ddff41e5f71a671c23ed924b9/out/vs/workbench/api/node/extensionHostProcess.js:177:10633)
	at i.value (/home/matheus/.vscode-server/bin/fee1edb8d6d72a0ddff41e5f71a671c23ed924b9/out/vs/workbench/api/node/extensionHostProcess.js:177:8601)
	at n.B (/home/matheus/.vscode-server/bin/fee1edb8d6d72a0ddff41e5f71a671c23ed924b9/out/vs/workbench/api/node/extensionHostProcess.js:83:737)
	at n.fire (/home/matheus/.vscode-server/bin/fee1edb8d6d72a0ddff41e5f71a671c23ed924b9/out/vs/workbench/api/node/extensionHostProcess.js:83:954)
	at s.fire (/home/matheus/.vscode-server/bin/fee1edb8d6d72a0ddff41e5f71a671c23ed924b9/out/vs/workbench/api/node/extensionHostProcess.js:97:14453)
	at d.A (/home/matheus/.vscode-server/bin/fee1edb8d6d72a0ddff41e5f71a671c23ed924b9/out/vs/workbench/api/node/extensionHostProcess.js:97:17612)
	at i.value (/home/matheus/.vscode-server/bin/fee1edb8d6d72a0ddff41e5f71a671c23ed924b9/out/vs/workbench/api/node/extensionHostProcess.js:97:16986)
	at n.B (/home/matheus/.vscode-server/bin/fee1edb8d6d72a0ddff41e5f71a671c23ed924b9/out/vs/workbench/api/node/extensionHostProcess.js:83:737)
	at n.fire (/home/matheus/.vscode-server/bin/fee1edb8d6d72a0ddff41e5f71a671c23ed924b9/out/vs/workbench/api/node/extensionHostProcess.js:83:954)
	at m.acceptChunk (/home/matheus/.vscode-server/bin/fee1edb8d6d72a0ddff41e5f71a671c23ed924b9/out/vs/workbench/api/node/extensionHostProcess.js:97:12199)
	at i.value (/home/matheus/.vscode-server/bin/fee1edb8d6d72a0ddff41e5f71a671c23ed924b9/out/vs/workbench/api/node/extensionHostProcess.js:97:11469)
	at n.B (/home/matheus/.vscode-server/bin/fee1edb8d6d72a0ddff41e5f71a671c23ed924b9/out/vs/workbench/api/node/extensionHostProcess.js:83:737)
	at n.fire (/home/matheus/.vscode-server/bin/fee1edb8d6d72a0ddff41e5f71a671c23ed924b9/out/vs/workbench/api/node/extensionHostProcess.js:83:954)
	at s.z (/home/matheus/.vscode-server/bin/fee1edb8d6d72a0ddff41e5f71a671c23ed924b9/out/vs/workbench/api/node/extensionHostProcess.js:174:21458)
	at s.acceptFrame (/home/matheus/.vscode-server/bin/fee1edb8d6d72a0ddff41e5f71a671c23ed924b9/out/vs/workbench/api/node/extensionHostProcess.js:174:21264)
	at i.n (/home/matheus/.vscode-server/bin/fee1edb8d6d72a0ddff41e5f71a671c23ed924b9/out/vs/workbench/api/node/extensionHostProcess.js:174:19709)
	at /home/matheus/.vscode-server/bin/fee1edb8d6d72a0ddff41e5f71a671c23ed924b9/out/vs/workbench/api/node/extensionHostProcess.js:174:16636
	at Socket.v (/home/matheus/.vscode-server/bin/fee1edb8d6d72a0ddff41e5f71a671c23ed924b9/out/vs/workbench/api/node/extensionHostProcess.js:174:14266)
	at Socket.emit (node:events:519:28)
	at addChunk (node:internal/streams/readable:559:12)
	at readableAddChunkPushByteMode (node:internal/streams/readable:510:3)
	at Readable.push (node:internal/streams/readable:390:5)
	at TCP.onStreamRead (node:internal/stream_base_commons:191:23) setContext undefined
2024-09-10 22:54:57.408 [error] Canceled: Canceled
	at new C (/home/matheus/.vscode-server/bin/fee1edb8d6d72a0ddff41e5f71a671c23ed924b9/out/vs/workbench/api/node/extensionHostProcess.js:144:35204)
	at y.U (/home/matheus/.vscode-server/bin/fee1edb8d6d72a0ddff41e5f71a671c23ed924b9/out/vs/workbench/api/node/extensionHostProcess.js:151:6017)
	at z.<computed>.j.charCodeAt.R.CharCode.DollarSign.z.<computed> (/home/matheus/.vscode-server/bin/fee1edb8d6d72a0ddff41e5f71a671c23ed924b9/out/vs/workbench/api/node/extensionHostProcess.js:151:3107)
	at d.g (/home/matheus/.vscode-server/bin/fee1edb8d6d72a0ddff41e5f71a671c23ed924b9/out/vs/workbench/api/node/extensionHostProcess.js:154:205942)
	at d.executeCommand (/home/matheus/.vscode-server/bin/fee1edb8d6d72a0ddff41e5f71a671c23ed924b9/out/vs/workbench/api/node/extensionHostProcess.js:154:205380)
	at A.registerCommand.description (/home/matheus/.vscode-server/bin/fee1edb8d6d72a0ddff41e5f71a671c23ed924b9/out/vs/workbench/api/node/extensionHostProcess.js:154:204704)
	at d.h (/home/matheus/.vscode-server/bin/fee1edb8d6d72a0ddff41e5f71a671c23ed924b9/out/vs/workbench/api/node/extensionHostProcess.js:154:206481)
	at d.g (/home/matheus/.vscode-server/bin/fee1edb8d6d72a0ddff41e5f71a671c23ed924b9/out/vs/workbench/api/node/extensionHostProcess.js:154:205473)
	at d.executeCommand (/home/matheus/.vscode-server/bin/fee1edb8d6d72a0ddff41e5f71a671c23ed924b9/out/vs/workbench/api/node/extensionHostProcess.js:154:205380)
	at Object.executeCommand (/home/matheus/.vscode-server/bin/fee1edb8d6d72a0ddff41e5f71a671c23ed924b9/out/vs/workbench/api/node/extensionHostProcess.js:164:23060)
	at set hasGitHubRepositories [as hasGitHubRepositories] (/home/matheus/.vscode-server/bin/fee1edb8d6d72a0ddff41e5f71a671c23ed924b9/extensions/github/dist/extension.js:2:322969)
	at /home/matheus/.vscode-server/bin/fee1edb8d6d72a0ddff41e5f71a671c23ed924b9/extensions/github/dist/extension.js:2:323928
	at i.value (/home/matheus/.vscode-server/bin/fee1edb8d6d72a0ddff41e5f71a671c23ed924b9/extensions/git/dist/main.js:2:1060193)
	at n.B (/home/matheus/.vscode-server/bin/fee1edb8d6d72a0ddff41e5f71a671c23ed924b9/out/vs/workbench/api/node/extensionHostProcess.js:83:737)
	at n.C (/home/matheus/.vscode-server/bin/fee1edb8d6d72a0ddff41e5f71a671c23ed924b9/out/vs/workbench/api/node/extensionHostProcess.js:83:807)
	at n.fire (/home/matheus/.vscode-server/bin/fee1edb8d6d72a0ddff41e5f71a671c23ed924b9/out/vs/workbench/api/node/extensionHostProcess.js:83:1023)
	at Object.p [as dispose] (/home/matheus/.vscode-server/bin/fee1edb8d6d72a0ddff41e5f71a671c23ed924b9/extensions/git/dist/main.js:2:972220)
	at /home/matheus/.vscode-server/bin/fee1edb8d6d72a0ddff41e5f71a671c23ed924b9/extensions/git/dist/main.js:2:978342
	at Array.forEach (<anonymous>)
	at f.dispose (/home/matheus/.vscode-server/bin/fee1edb8d6d72a0ddff41e5f71a671c23ed924b9/extensions/git/dist/main.js:2:978328)
	at a.<anonymous> (/home/matheus/.vscode-server/bin/fee1edb8d6d72a0ddff41e5f71a671c23ed924b9/out/vs/workbench/api/node/extensionHostProcess.js:152:4173)
	at a.dispose (/home/matheus/.vscode-server/bin/fee1edb8d6d72a0ddff41e5f71a671c23ed924b9/out/vs/workbench/api/node/extensionHostProcess.js:152:4270)
	at a.<anonymous> (/home/matheus/.vscode-server/bin/fee1edb8d6d72a0ddff41e5f71a671c23ed924b9/extensions/git/dist/main.js:2:953940)
	at a.dispose (/home/matheus/.vscode-server/bin/fee1edb8d6d72a0ddff41e5f71a671c23ed924b9/out/vs/workbench/api/node/extensionHostProcess.js:152:4270)
	at $ (/home/matheus/.vscode-server/bin/fee1edb8d6d72a0ddff41e5f71a671c23ed924b9/out/vs/workbench/api/node/extensionHostProcess.js:30:744)
	at /home/matheus/.vscode-server/bin/fee1edb8d6d72a0ddff41e5f71a671c23ed924b9/out/vs/workbench/api/node/extensionHostProcess.js:160:13379
	at /home/matheus/.vscode-server/bin/fee1edb8d6d72a0ddff41e5f71a671c23ed924b9/out/vs/workbench/api/node/extensionHostProcess.js:30:1112
	at Object.dispose (/home/matheus/.vscode-server/bin/fee1edb8d6d72a0ddff41e5f71a671c23ed924b9/out/vs/workbench/api/node/extensionHostProcess.js:11:11354)
	at m.eb (/home/matheus/.vscode-server/bin/fee1edb8d6d72a0ddff41e5f71a671c23ed924b9/out/vs/workbench/api/node/extensionHostProcess.js:160:10056)
	at /home/matheus/.vscode-server/bin/fee1edb8d6d72a0ddff41e5f71a671c23ed924b9/out/vs/workbench/api/node/extensionHostProcess.js:160:7927
	at Array.map (<anonymous>)
	at m.$ (/home/matheus/.vscode-server/bin/fee1edb8d6d72a0ddff41e5f71a671c23ed924b9/out/vs/workbench/api/node/extensionHostProcess.js:160:7914)
	at m.terminate (/home/matheus/.vscode-server/bin/fee1edb8d6d72a0ddff41e5f71a671c23ed924b9/out/vs/workbench/api/node/extensionHostProcess.js:160:8187)
	at $.terminate (/home/matheus/.vscode-server/bin/fee1edb8d6d72a0ddff41e5f71a671c23ed924b9/out/vs/workbench/api/node/extensionHostProcess.js:164:1513)
	at o (/home/matheus/.vscode-server/bin/fee1edb8d6d72a0ddff41e5f71a671c23ed924b9/out/vs/workbench/api/node/extensionHostProcess.js:177:10633)
	at i.value (/home/matheus/.vscode-server/bin/fee1edb8d6d72a0ddff41e5f71a671c23ed924b9/out/vs/workbench/api/node/extensionHostProcess.js:177:8601)
	at n.B (/home/matheus/.vscode-server/bin/fee1edb8d6d72a0ddff41e5f71a671c23ed924b9/out/vs/workbench/api/node/extensionHostProcess.js:83:737)
	at n.fire (/home/matheus/.vscode-server/bin/fee1edb8d6d72a0ddff41e5f71a671c23ed924b9/out/vs/workbench/api/node/extensionHostProcess.js:83:954)
	at s.fire (/home/matheus/.vscode-server/bin/fee1edb8d6d72a0ddff41e5f71a671c23ed924b9/out/vs/workbench/api/node/extensionHostProcess.js:97:14453)
	at d.A (/home/matheus/.vscode-server/bin/fee1edb8d6d72a0ddff41e5f71a671c23ed924b9/out/vs/workbench/api/node/extensionHostProcess.js:97:17612)
	at i.value (/home/matheus/.vscode-server/bin/fee1edb8d6d72a0ddff41e5f71a671c23ed924b9/out/vs/workbench/api/node/extensionHostProcess.js:97:16986)
	at n.B (/home/matheus/.vscode-server/bin/fee1edb8d6d72a0ddff41e5f71a671c23ed924b9/out/vs/workbench/api/node/extensionHostProcess.js:83:737)
	at n.fire (/home/matheus/.vscode-server/bin/fee1edb8d6d72a0ddff41e5f71a671c23ed924b9/out/vs/workbench/api/node/extensionHostProcess.js:83:954)
	at m.acceptChunk (/home/matheus/.vscode-server/bin/fee1edb8d6d72a0ddff41e5f71a671c23ed924b9/out/vs/workbench/api/node/extensionHostProcess.js:97:12199)
	at i.value (/home/matheus/.vscode-server/bin/fee1edb8d6d72a0ddff41e5f71a671c23ed924b9/out/vs/workbench/api/node/extensionHostProcess.js:97:11469)
	at n.B (/home/matheus/.vscode-server/bin/fee1edb8d6d72a0ddff41e5f71a671c23ed924b9/out/vs/workbench/api/node/extensionHostProcess.js:83:737)
	at n.fire (/home/matheus/.vscode-server/bin/fee1edb8d6d72a0ddff41e5f71a671c23ed924b9/out/vs/workbench/api/node/extensionHostProcess.js:83:954)
	at s.z (/home/matheus/.vscode-server/bin/fee1edb8d6d72a0ddff41e5f71a671c23ed924b9/out/vs/workbench/api/node/extensionHostProcess.js:174:21458)
	at s.acceptFrame (/home/matheus/.vscode-server/bin/fee1edb8d6d72a0ddff41e5f71a671c23ed924b9/out/vs/workbench/api/node/extensionHostProcess.js:174:21264)
	at i.n (/home/matheus/.vscode-server/bin/fee1edb8d6d72a0ddff41e5f71a671c23ed924b9/out/vs/workbench/api/node/extensionHostProcess.js:174:19709)
	at /home/matheus/.vscode-server/bin/fee1edb8d6d72a0ddff41e5f71a671c23ed924b9/out/vs/workbench/api/node/extensionHostProcess.js:174:16636
	at Socket.v (/home/matheus/.vscode-server/bin/fee1edb8d6d72a0ddff41e5f71a671c23ed924b9/out/vs/workbench/api/node/extensionHostProcess.js:174:14266)
	at Socket.emit (node:events:519:28)
	at addChunk (node:internal/streams/readable:559:12)
	at readableAddChunkPushByteMode (node:internal/streams/readable:510:3)
	at Readable.push (node:internal/streams/readable:390:5)
	at TCP.onStreamRead (node:internal/stream_base_commons:191:23) setContext undefined
2024-09-10 22:54:57.408 [info] Extension host with pid 935 exiting with code 0
